execve("./megh", ["./megh"], [/* 29 vars */]) = 0
uname({sys="Linux", node="minix.it.mitp", ...}) = 0
brk(0)                                  = 0x804b000
old_mmap(NULL, 4096, PROT_READ|PROT_WRITE, MAP_PRIVATE|MAP_ANONYMOUS, -1, 0) = 0x40017000
access("/etc/ld.so.nohwcap", F_OK)      = -1 ENOENT (No such file or directory)
open("/etc/ld.so.preload", O_RDONLY)    = -1 ENOENT (No such file or directory)
open("/etc/ld.so.cache", O_RDONLY)      = 3
fstat64(3, {st_mode=S_IFREG|0644, st_size=76422, ...}) = 0
old_mmap(NULL, 76422, PROT_READ, MAP_PRIVATE, 3, 0) = 0x40018000
close(3)                                = 0
access("/etc/ld.so.nohwcap", F_OK)      = -1 ENOENT (No such file or directory)
open("/lib/tls/libpthread.so.0", O_RDONLY) = 3
read(3, "\177ELF\1\1\1\0\0\0\0\0\0\0\0\0\3\0\3\0\1\0\0\0pF\0\000"..., 512) = 512
fstat64(3, {st_mode=S_IFREG|0644, st_size=78233, ...}) = 0
old_mmap(NULL, 60772, PROT_READ|PROT_EXEC, MAP_PRIVATE, 3, 0) = 0x4002b000
old_mmap(0x40037000, 4096, PROT_READ|PROT_WRITE, MAP_PRIVATE|MAP_FIXED, 3, 0xc000) = 0x40037000
old_mmap(0x40038000, 7524, PROT_READ|PROT_WRITE, MAP_PRIVATE|MAP_FIXED|MAP_ANONYMOUS, -1, 0) = 0x40038000
close(3)                                = 0
access("/etc/ld.so.nohwcap", F_OK)      = -1 ENOENT (No such file or directory)
open("/lib/tls/libc.so.6", O_RDONLY)    = 3
read(3, "\177ELF\1\1\1\0\0\0\0\0\0\0\0\0\3\0\3\0\1\0\0\0\360Y\1"..., 512) = 512
fstat64(3, {st_mode=S_IFREG|0644, st_size=1253924, ...}) = 0
old_mmap(NULL, 1260140, PROT_READ|PROT_EXEC, MAP_PRIVATE, 3, 0) = 0x4003a000
old_mmap(0x40163000, 32768, PROT_READ|PROT_WRITE, MAP_PRIVATE|MAP_FIXED, 3, 0x129000) = 0x40163000
old_mmap(0x4016b000, 10860, PROT_READ|PROT_WRITE, MAP_PRIVATE|MAP_FIXED|MAP_ANONYMOUS, -1, 0) = 0x4016b000
close(3)                                = 0
old_mmap(NULL, 4096, PROT_READ|PROT_WRITE, MAP_PRIVATE|MAP_ANONYMOUS, -1, 0) = 0x4016e000
set_thread_area({entry_number:-1 -> 6, base_addr:0x4016e5a0, limit:1048575, seg_32bit:1, contents:0, read_exec_only:0, limit_in_pages:1, seg_not_present:0, useable:1}) = 0
munmap(0x40018000, 76422)               = 0
set_tid_address(0x4016e5e8)             = 6688
rt_sigaction(SIGRTMIN, {0x4002f5d0, [], SA_SIGINFO}, NULL, 8) = 0
rt_sigprocmask(SIG_UNBLOCK, [RTMIN], NULL, 8) = 0
getrlimit(RLIMIT_STACK, {rlim_cur=8192*1024, rlim_max=RLIM_INFINITY}) = 0
brk(0)                                  = 0x804b000
brk(0x806c000)                          = 0x806c000
brk(0)                                  = 0x806c000
rt_sigaction(SIGPROF, {0x40114110, ~[], SA_RESTART}, {SIG_DFL}, 8) = 0
setitimer(ITIMER_PROF, {it_interval={0, 1}, it_value={0, 1}}, {it_interval={0, 0}, it_value={0, 0}}) = 0
socket(PF_INET, SOCK_STREAM, IPPROTO_TCP) = 3
setsockopt(3, SOL_SOCKET, SO_REUSEADDR, [1], 4) = 0
setsockopt(3, SOL_SOCKET, SO_LINGER, {onoff=1, linger=0}, 8) = 0
uname({sys="Linux", node="minix.it.mitp", ...}) = 0
gettimeofday({1112821171, 666989}, NULL) = 0
getpid()                                = 6688
open("/etc/resolv.conf", O_RDONLY)      = 4
fstat64(4, {st_mode=S_IFREG|0644, st_size=98, ...}) = 0
mmap2(NULL, 4096, PROT_READ|PROT_WRITE, MAP_PRIVATE|MAP_ANONYMOUS, -1, 0) = 0x40018000
read(4, "nameserver 158.144.65.21\nnameser"..., 4096) = 98
read(4, "", 4096)                       = 0
close(4)                                = 0
munmap(0x40018000, 4096)                = 0
uname({sys="Linux", node="minix.it.mitp", ...}) = 0
socket(PF_FILE, SOCK_STREAM, 0)         = 4
connect(4, {sa_family=AF_FILE, path="/var/run/.nscd_socket"}, 110) = -1 ENOENT (No such file or directory)
close(4)                                = 0
open("/etc/nsswitch.conf", O_RDONLY)    = 4
fstat64(4, {st_mode=S_IFREG|0644, st_size=465, ...}) = 0
mmap2(NULL, 4096, PROT_READ|PROT_WRITE, MAP_PRIVATE|MAP_ANONYMOUS, -1, 0) = 0x40018000
read(4, "# /etc/nsswitch.conf\n#\n# Example"..., 4096) = 465
read(4, "", 4096)                       = 0
close(4)                                = 0
munmap(0x40018000, 4096)                = 0
open("/etc/ld.so.cache", O_RDONLY)      = 4
fstat64(4, {st_mode=S_IFREG|0644, st_size=76422, ...}) = 0
old_mmap(NULL, 76422, PROT_READ, MAP_PRIVATE, 4, 0) = 0x40018000
close(4)                                = 0
access("/etc/ld.so.nohwcap", F_OK)      = -1 ENOENT (No such file or directory)
open("/lib/tls/libnss_files.so.2", O_RDONLY) = 4
read(4, "\177ELF\1\1\1\0\0\0\0\0\0\0\0\0\3\0\3\0\1\0\0\0\200\35"..., 512) = 512
fstat64(4, {st_mode=S_IFREG|0644, st_size=34748, ...}) = 0
old_mmap(NULL, 38044, PROT_READ|PROT_EXEC, MAP_PRIVATE, 4, 0) = 0x4016f000
old_mmap(0x40178000, 4096, PROT_READ|PROT_WRITE, MAP_PRIVATE|MAP_FIXED, 4, 0x8000) = 0x40178000
close(4)                                = 0
munmap(0x40018000, 76422)               = 0
open("/etc/host.conf", O_RDONLY)        = 4
fstat64(4, {st_mode=S_IFREG|0644, st_size=26, ...}) = 0
mmap2(NULL, 4096, PROT_READ|PROT_WRITE, MAP_PRIVATE|MAP_ANONYMOUS, -1, 0) = 0x40018000
read(4, "order hosts,bind\nmulti on\n", 4096) = 26
read(4, "", 4096)                       = 0
close(4)                                = 0
munmap(0x40018000, 4096)                = 0
futex(0x4016cce0, FUTEX_WAKE, 2147483647) = 0
open("/etc/hosts", O_RDONLY)            = 4
fcntl64(4, F_GETFD)                     = 0
fcntl64(4, F_SETFD, FD_CLOEXEC)         = 0
fstat64(4, {st_mode=S_IFREG|0644, st_size=614, ...}) = 0
mmap2(NULL, 4096, PROT_READ|PROT_WRITE, MAP_PRIVATE|MAP_ANONYMOUS, -1, 0) = 0x40018000
read(4, "127.0.0.1\t localhost localhost.l"..., 4096) = 614
read(4, "", 4096)                       = 0
close(4)                                = 0
munmap(0x40018000, 4096)                = 0
bind(3, {sa_family=AF_INET, sin_port=htons(19062), sin_addr=inet_addr("158.144.64.32")}, 16) = 0
listen(3, 10)                           = 0
socket(PF_INET, SOCK_STREAM, IPPROTO_TCP) = 4
setsockopt(4, SOL_SOCKET, SO_REUSEADDR, [1], 4) = 0
setsockopt(4, SOL_SOCKET, SO_LINGER, {onoff=1, linger=0}, 8) = 0
uname({sys="Linux", node="minix.it.mitp", ...}) = 0
socket(PF_FILE, SOCK_STREAM, 0)         = 5
connect(5, {sa_family=AF_FILE, path="/var/run/.nscd_socket"}, 110) = -1 ENOENT (No such file or directory)
close(5)                                = 0
open("/etc/hosts", O_RDONLY)            = 5
fcntl64(5, F_GETFD)                     = 0
fcntl64(5, F_SETFD, FD_CLOEXEC)         = 0
fstat64(5, {st_mode=S_IFREG|0644, st_size=614, ...}) = 0
mmap2(NULL, 4096, PROT_READ|PROT_WRITE, MAP_PRIVATE|MAP_ANONYMOUS, -1, 0) = 0x40018000
read(5, "127.0.0.1\t localhost localhost.l"..., 4096) = 614
read(5, "", 4096)                       = 0
close(5)                                = 0
munmap(0x40018000, 4096)                = 0
bind(4, {sa_family=AF_INET, sin_port=htons(19063), sin_addr=inet_addr("158.144.64.32")}, 16) = 0
listen(4, 10)                           = 0
mmap2(NULL, 8388608, PROT_READ|PROT_WRITE|PROT_EXEC, MAP_PRIVATE|MAP_ANONYMOUS, -1, 0) = 0x40179000
--- SIGPROF (Profiling timer expired) @ 0 (0) ---
sigreturn()                             = ? (mask now [])
mprotect(0x40179000, 4096, PROT_NONE)   = 0
clone(child_stack=0x40978b48, flags=CLONE_VM|CLONE_FS|CLONE_FILES|CLONE_SIGHAND|CLONE_THREAD|CLONE_SYSVSEM|CLONE_SETTLS|CLONE_PARENT_SETTID|CLONE_CHILD_CLEARTID|CLONE_DETACHED, parent_tidptr=0x40978bf8, {entry_number:6, base_addr:0x40978bb0, limit:1048575, seg_32bit:1, contents:0, read_exec_only:0, limit_in_pages:1, seg_not_present:0, useable:1}, child_tidptr=0x40978bf8) = 6689
mmap2(NULL, 8388608, PROT_READ|PROT_WRITE|PROT_EXEC, MAP_PRIVATE|MAP_ANONYMOUS, -1, 0) = 0x40979000
mprotect(0x40979000, 4096, PROT_NONE)   = 0
clone(child_stack=0x41178b48, flags=CLONE_VM|CLONE_FS|CLONE_FILES|CLONE_SIGHAND|CLONE_THREAD|CLONE_SYSVSEM|CLONE_SETTLS|CLONE_PARENT_SETTID|CLONE_CHILD_CLEARTID|CLONE_DETACHED, parent_tidptr=0x41178bf8, {entry_number:6, base_addr:0x41178bb0, limit:1048575, seg_32bit:1, contents:0, read_exec_only:0, limit_in_pages:1, seg_not_present:0, useable:1}, child_tidptr=0x41178bf8) = 6690
fstat64(1, {st_mode=S_IFCHR|0620, st_rdev=makedev(136, 7), ...}) = 0
mmap2(NULL, 4096, PROT_READ|PROT_WRITE, MAP_PRIVATE|MAP_ANONYMOUS, -1, 0) = 0x41179000
write(1, "\n", 1)                       = 1
write(1, "\n", 1)                       = 1
write(1, "THE THREAD IDS ARE REQUEST_HANDL"..., 78) = 78
futex(0x40978bf8, FUTEX_WAIT, 6689, NULL) = -1 EINTR (Interrupted system call)
--- SIGINT (Interrupt) @ 0 (0) ---
+++ killed by SIGINT +++
